Using pre-set license
Built from '2020.3/staging' branch; Version is '2020.3.0f1 (c7b5465681fb) revision 13088070'; Using compiler version '192528614'; Build Type 'Release'
OS: 'Windows 10 Home Single Language; OS build 19041.1052; Version 2004; 64bit' Language: 'en' Physical Memory: 16228 MB
BatchMode: 1, IsHumanControllingUs: 0, StartBugReporterOnCrash: 0, Is64bit: 1, IsPro: 0

 COMMAND LINE ARGUMENTS:
D:\Unity Editor\2020.3.0f1\Editor\Unity.exe
-adb2
-batchMode
-noUpm
-name
AssetImportWorker0
-projectPath
D:/Studies/BINUS/GAME DESIGN/FP-GameDesign
-logFile
Logs/AssetImportWorker0.log
-srvPort
60874
Successfully changed project path to: D:/Studies/BINUS/GAME DESIGN/FP-GameDesign
D:/Studies/BINUS/GAME DESIGN/FP-GameDesign
Using Asset Import Pipeline V2.
Refreshing native plugins compatible for Editor in 80.01 ms, found 0 plugins.
Preloading 0 native plugins for Editor in 0.00 ms.
Initialize engine version: 2020.3.0f1 (c7b5465681fb)
[Subsystems] Discovering subsystems at path D:/Unity Editor/2020.3.0f1/Editor/Data/Resources/UnitySubsystems
[Subsystems] Discovering subsystems at path D:/Studies/BINUS/GAME DESIGN/FP-GameDesign/Assets
GfxDevice: creating device client; threaded=0
Direct3D:
    Version:  Direct3D 11.0 [level 11.1]
    Renderer: NVIDIA GeForce GTX 1660 Ti (ID=0x2191)
    Vendor:   
    VRAM:     5991 MB
    Driver:   25.21.14.1777
Initialize mono
Mono path[0] = 'D:/Unity Editor/2020.3.0f1/Editor/Data/Managed'
Mono path[1] = 'D:/Unity Editor/2020.3.0f1/Editor/Data/MonoBleedingEdge/lib/mono/unityjit'
Mono config path = 'D:/Unity Editor/2020.3.0f1/Editor/Data/MonoBleedingEdge/etc'
Using monoOptions --debugger-agent=transport=dt_socket,embedding=1,server=y,suspend=n,address=127.0.0.1:56792
Begin MonoManager ReloadAssembly
Registering precompiled unity dll's ...
Register platform support module: D:/Unity Editor/2020.3.0f1/Editor/Data/PlaybackEngines/WebGLSupport/UnityEditor.WebGL.Extensions.dll
Register platform support module: D:/Unity Editor/2020.3.0f1/Editor/Data/PlaybackEngines/WindowsStandaloneSupport/UnityEditor.WindowsStandalone.Extensions.dll
Registered in 0.001742 seconds.
Native extension for WindowsStandalone target not found
Native extension for WebGL target not found
Refreshing native plugins compatible for Editor in 80.70 ms, found 0 plugins.
Preloading 0 native plugins for Editor in 0.00 ms.
Invoked RoslynAnalysisRunner static constructor.
RoslynAnalysisRunner will not be running.
RoslynAnalysisRunner has terminated.
Mono: successfully reloaded assembly
- Completed reload, in  1.338 seconds
Platform modules already initialized, skipping
Registering precompiled user dll's ...
Registered in 0.001753 seconds.
Begin MonoManager ReloadAssembly
Native extension for WindowsStandalone target not found
Native extension for WebGL target not found
Refreshing native plugins compatible for Editor in 0.61 ms, found 0 plugins.
Preloading 0 native plugins for Editor in 0.00 ms.
Invoked RoslynAnalysisRunner static constructor.
RoslynAnalysisRunner will not be running.
RoslynAnalysisRunner has terminated.
Mono: successfully reloaded assembly
- Completed reload, in  1.285 seconds
Platform modules already initialized, skipping
========================================================================
Worker process is ready to serve import requests
Launched and connected shader compiler UnityShaderCompiler.exe after 0.07 seconds
Refreshing native plugins compatible for Editor in 0.61 ms, found 0 plugins.
Preloading 0 native plugins for Editor in 0.00 ms.
Unloading 1794 Unused Serialized files (Serialized files now loaded: 0)
System memory in use before: 84.0 MB.
System memory in use after: 81.9 MB.

Unloading 53 unused Assets to reduce memory usage. Loaded Objects now: 2203.
Total: 3.610900 ms (FindLiveObjects: 0.205600 ms CreateObjectMapping: 0.084900 ms MarkObjects: 2.254400 ms  DeleteObjects: 1.064400 ms)

========================================================================
Received Import Request.
  path: Assets/Game Assets/artwork/Sprites/enemies/eagle/Eagle Animation.anim
  artifactKey: Guid(516eda11466d57c44aadf84f972b55ed) Importer(815301076,1909f56bfc062723c751e8b465ee728b)
Start importing Assets/Game Assets/artwork/Sprites/enemies/eagle/Eagle Animation.anim using Guid(516eda11466d57c44aadf84f972b55ed) Importer(815301076,1909f56bfc062723c751e8b465ee728b)  -> (artifact id: '272161cacd662179407525b6eccc34e3') in 0.072614 seconds
  Import took 0.077594 seconds .

========================================================================
Received Import Request.
  Time since last request: 15.357914 seconds.
  path: Assets/Game Assets/artwork/Sprites/enemies/eagle/Eagle 1.controller
  artifactKey: Guid(4cee88d12e044c9498c4b6155f5ea3a9) Importer(815301076,1909f56bfc062723c751e8b465ee728b)
Start importing Assets/Game Assets/artwork/Sprites/enemies/eagle/Eagle 1.controller using Guid(4cee88d12e044c9498c4b6155f5ea3a9) Importer(815301076,1909f56bfc062723c751e8b465ee728b)  -> (artifact id: '9ee7fdc9257be6955d0f24786711bf92') in 0.013472 seconds
  Import took 0.018180 seconds .

========================================================================
Received Import Request.
  Time since last request: 253.197132 seconds.
  path: Assets/Scripts/EnemyController.cs
  artifactKey: Guid(dd9faa8493569d24c9ce3961f100f7b1) Importer(815301076,1909f56bfc062723c751e8b465ee728b)
Start importing Assets/Scripts/EnemyController.cs using Guid(dd9faa8493569d24c9ce3961f100f7b1) Importer(815301076,1909f56bfc062723c751e8b465ee728b)  -> (artifact id: 'a2555c43e43a2d9dafa7333f4a7d516d') in 0.011179 seconds
  Import took 0.016530 seconds .

========================================================================
Received Prepare
Registering precompiled user dll's ...
Registered in 0.001782 seconds.
Begin MonoManager ReloadAssembly
Native extension for WindowsStandalone target not found
Native extension for WebGL target not found
Refreshing native plugins compatible for Editor in 0.63 ms, found 0 plugins.
Preloading 0 native plugins for Editor in 0.00 ms.
Invoked RoslynAnalysisRunner static constructor.
RoslynAnalysisRunner will not be running.
RoslynAnalysisRunner has terminated.
Mono: successfully reloaded assembly
- Completed reload, in  1.203 seconds
Platform modules already initialized, skipping
Refreshing native plugins compatible for Editor in 0.61 ms, found 0 plugins.
Preloading 0 native plugins for Editor in 0.00 ms.
Unloading 1782 Unused Serialized files (Serialized files now loaded: 0)
System memory in use before: 83.5 MB.
System memory in use after: 81.4 MB.

Unloading 45 unused Assets to reduce memory usage. Loaded Objects now: 2206.
Total: 3.760700 ms (FindLiveObjects: 0.311800 ms CreateObjectMapping: 0.135300 ms MarkObjects: 2.205100 ms  DeleteObjects: 1.106200 ms)

========================================================================
Received Prepare
Registering precompiled user dll's ...
Registered in 0.001784 seconds.
Begin MonoManager ReloadAssembly
Native extension for WindowsStandalone target not found
Native extension for WebGL target not found
Refreshing native plugins compatible for Editor in 0.61 ms, found 0 plugins.
Preloading 0 native plugins for Editor in 0.00 ms.
Invoked RoslynAnalysisRunner static constructor.
RoslynAnalysisRunner will not be running.
RoslynAnalysisRunner has terminated.
Mono: successfully reloaded assembly
- Completed reload, in  1.194 seconds
Platform modules already initialized, skipping
Refreshing native plugins compatible for Editor in 0.62 ms, found 0 plugins.
Preloading 0 native plugins for Editor in 0.00 ms.
Unloading 1782 Unused Serialized files (Serialized files now loaded: 0)
System memory in use before: 83.5 MB.
System memory in use after: 81.4 MB.

Unloading 45 unused Assets to reduce memory usage. Loaded Objects now: 2209.
Total: 3.384700 ms (FindLiveObjects: 0.226500 ms CreateObjectMapping: 0.093000 ms MarkObjects: 1.978600 ms  DeleteObjects: 1.085300 ms)

========================================================================
Received Import Request.
  Time since last request: 81.760974 seconds.
  path: Assets/Prefabs/Eagle.prefab
  artifactKey: Guid(529830c09b0d0084eaf1dd7ac66947f2) Importer(815301076,1909f56bfc062723c751e8b465ee728b)
Start importing Assets/Prefabs/Eagle.prefab using Guid(529830c09b0d0084eaf1dd7ac66947f2) Importer(815301076,1909f56bfc062723c751e8b465ee728b) Asset 'Eagle 1': Transition 'AnyState -> Eagle Animation' in state 'AnyState' doesn't have an Exit Time or any condition, transition will be ignored
UnityEngine.StackTraceUtility:ExtractStackTrace ()
UnityEditor.EditorUtility:Internal_InstantiateRemoveAllNonAnimationComponentsSingle (UnityEngine.Object,UnityEngine.Vector3,UnityEngine.Quaternion)
UnityEditor.EditorUtility:InstantiateRemoveAllNonAnimationComponents (UnityEngine.Object,UnityEngine.Vector3,UnityEngine.Quaternion)
UnityEditor.EditorUtility:InstantiateForAnimatorPreview (UnityEngine.Object)
UnityEditor.GameObjectInspector/PreviewData:UpdateGameObject (UnityEngine.Object)
UnityEditor.GameObjectInspector/PreviewData:.ctor (UnityEngine.Object)
UnityEditor.GameObjectInspector:GetPreviewData ()
UnityEditor.GameObjectInspector:RenderStaticPreview (string,UnityEngine.Object[],int,int)
UnityEditor.AssetPreviewUpdater:CreatePreviewForAsset (UnityEngine.Object,UnityEngine.Object[],string)

[C:\buildslave\unity\build\Editor/Src/Animation/StateMachine.cpp line 1847]

 -> (artifact id: 'bdddbc02ee4df5b757b0b0acc8d884d2') in 0.124807 seconds
  Import took 0.129936 seconds .

========================================================================
Received Prepare
Registering precompiled user dll's ...
Registered in 0.001676 seconds.
Begin MonoManager ReloadAssembly
Native extension for WindowsStandalone target not found
Native extension for WebGL target not found
Refreshing native plugins compatible for Editor in 0.61 ms, found 0 plugins.
Preloading 0 native plugins for Editor in 0.00 ms.
Invoked RoslynAnalysisRunner static constructor.
RoslynAnalysisRunner will not be running.
RoslynAnalysisRunner has terminated.
Mono: successfully reloaded assembly
- Completed reload, in  1.210 seconds
Platform modules already initialized, skipping
Refreshing native plugins compatible for Editor in 0.62 ms, found 0 plugins.
Preloading 0 native plugins for Editor in 0.00 ms.
Unloading 1782 Unused Serialized files (Serialized files now loaded: 0)
System memory in use before: 86.8 MB.
System memory in use after: 84.7 MB.

Unloading 45 unused Assets to reduce memory usage. Loaded Objects now: 2219.
Total: 4.009000 ms (FindLiveObjects: 0.332800 ms CreateObjectMapping: 0.140300 ms MarkObjects: 2.322900 ms  DeleteObjects: 1.211300 ms)

========================================================================
Received Prepare
Registering precompiled user dll's ...
Registered in 0.001749 seconds.
Begin MonoManager ReloadAssembly
Native extension for WindowsStandalone target not found
Native extension for WebGL target not found
Refreshing native plugins compatible for Editor in 0.71 ms, found 0 plugins.
Preloading 0 native plugins for Editor in 0.00 ms.
Invoked RoslynAnalysisRunner static constructor.
RoslynAnalysisRunner will not be running.
RoslynAnalysisRunner has terminated.
Mono: successfully reloaded assembly
- Completed reload, in  1.212 seconds
Platform modules already initialized, skipping
Refreshing native plugins compatible for Editor in 0.60 ms, found 0 plugins.
Preloading 0 native plugins for Editor in 0.00 ms.
Unloading 1782 Unused Serialized files (Serialized files now loaded: 0)
System memory in use before: 86.8 MB.
System memory in use after: 84.7 MB.

Unloading 45 unused Assets to reduce memory usage. Loaded Objects now: 2222.
Total: 3.491700 ms (FindLiveObjects: 0.261400 ms CreateObjectMapping: 0.102600 ms MarkObjects: 2.021000 ms  DeleteObjects: 1.104900 ms)

========================================================================
Received Prepare
Registering precompiled user dll's ...
Registered in 0.001754 seconds.
Begin MonoManager ReloadAssembly
Native extension for WindowsStandalone target not found
Native extension for WebGL target not found
Refreshing native plugins compatible for Editor in 0.65 ms, found 0 plugins.
Preloading 0 native plugins for Editor in 0.00 ms.
Invoked RoslynAnalysisRunner static constructor.
RoslynAnalysisRunner will not be running.
RoslynAnalysisRunner has terminated.
Mono: successfully reloaded assembly
- Completed reload, in  1.170 seconds
Platform modules already initialized, skipping
Refreshing native plugins compatible for Editor in 0.59 ms, found 0 plugins.
Preloading 0 native plugins for Editor in 0.00 ms.
Unloading 1782 Unused Serialized files (Serialized files now loaded: 0)
System memory in use before: 86.9 MB.
System memory in use after: 84.7 MB.

Unloading 45 unused Assets to reduce memory usage. Loaded Objects now: 2225.
Total: 3.785300 ms (FindLiveObjects: 0.356500 ms CreateObjectMapping: 0.146900 ms MarkObjects: 2.144000 ms  DeleteObjects: 1.136400 ms)

========================================================================
Received Prepare
Refreshing native plugins compatible for Editor in 1.64 ms, found 0 plugins.
Preloading 0 native plugins for Editor in 0.00 ms.
Unloading 42 Unused Serialized files (Serialized files now loaded: 0)
System memory in use before: 52.3 MB.
System memory in use after: 50.2 MB.

Unloading 42 unused Assets to reduce memory usage. Loaded Objects now: 2225.
Total: 4.263500 ms (FindLiveObjects: 0.219000 ms CreateObjectMapping: 0.089100 ms MarkObjects: 2.757100 ms  DeleteObjects: 1.196900 ms)

AssetImportWorkerClient::OnTransportError - code=2 error=End of file
